 INFO  Accepting connections at http://localhost:3000
 HTTP  8/24/2025 11:48:47 PM ::1 GET /
 HTTP  8/24/2025 11:48:47 PM ::1 Returned 200 in 12 ms
 HTTP  8/27/2025 4:19:06 PM ::1 GET /simran/pumpllm
 HTTP  8/27/2025 4:19:06 PM ::1 Returned 200 in 5 ms
 HTTP  8/27/2025 4:19:06 PM ::1 GET /assets/index-D7pLq53U.js
 HTTP  8/27/2025 4:19:06 PM ::1 GET /assets/index-BvX7Sejg.css
 HTTP  8/27/2025 4:19:06 PM ::1 Returned 200 in 1 ms
 HTTP  8/27/2025 4:19:06 PM ::1 Returned 200 in 5 ms
 HTTP  8/27/2025 4:19:06 PM ::1 GET /vite.svg
 HTTP  8/27/2025 4:19:06 PM ::1 Returned 200 in 1 ms
 HTTP  8/27/2025 4:24:39 PM ::1 GET /simran/pumpllm
 HTTP  8/27/2025 4:24:39 PM ::1 Returned 304 in 2 ms
 HTTP  8/27/2025 4:24:39 PM ::1 GET /assets/index-D7pLq53U.js
 HTTP  8/27/2025 4:24:39 PM ::1 Returned 304 in 0 ms
 HTTP  8/27/2025 4:24:39 PM ::1 GET /assets/index-BvX7Sejg.css
 HTTP  8/27/2025 4:24:39 PM ::1 Returned 304 in 0 ms
 HTTP  8/27/2025 4:25:08 PM ::1 GET /simran/pumpllm
 HTTP  8/27/2025 4:25:08 PM ::1 Returned 304 in 2 ms
 HTTP  8/27/2025 4:25:08 PM ::1 GET /assets/index-D7pLq53U.js
 HTTP  8/27/2025 4:25:08 PM ::1 GET /assets/index-BvX7Sejg.css
 HTTP  8/27/2025 4:25:08 PM ::1 Returned 304 in 1 ms
 HTTP  8/27/2025 4:25:08 PM ::1 Returned 304 in 1 ms
 HTTP  8/27/2025 4:25:08 PM ::1 GET /vite.svg
 HTTP  8/27/2025 4:25:08 PM ::1 Returned 304 in 1 ms
 HTTP  8/29/2025 5:07:42 PM ::1 GET /api/tts/test
 HTTP  8/29/2025 5:07:42 PM ::1 Returned 200 in 11 ms
 HTTP  8/29/2025 5:07:46 PM ::1 GET /api/tts/test
 HTTP  8/29/2025 5:07:46 PM ::1 Returned 200 in 0 ms
 HTTP  8/29/2025 5:07:59 PM ::1 HEAD /pumpdrive
 HTTP  8/29/2025 5:07:59 PM ::1 Returned 200 in 1 ms
 HTTP  8/31/2025 9:26:33 PM ::1 GET /facebook
 HTTP  8/31/2025 9:26:33 PM ::1 Returned 200 in 3 ms
 HTTP  8/31/2025 9:29:38 PM ::1 GET /facebook
 HTTP  8/31/2025 9:29:38 PM ::1 Returned 200 in 3 ms
 HTTP  8/31/2025 9:29:38 PM ::1 GET /assets/index-r4Jiiqmw.js
 HTTP  8/31/2025 9:29:38 PM ::1 GET /assets/index-ChBL-xCM.css
 HTTP  8/31/2025 9:29:38 PM ::1 Returned 200 in 2 ms
 HTTP  8/31/2025 9:29:38 PM ::1 Returned 200 in 6 ms
 HTTP  8/31/2025 9:29:46 PM ::1 GET /facebook
 HTTP  8/31/2025 9:29:46 PM ::1 Returned 304 in 1 ms
 HTTP  8/31/2025 9:29:46 PM ::1 GET /assets/index-r4Jiiqmw.js
 HTTP  8/31/2025 9:29:46 PM ::1 GET /assets/index-ChBL-xCM.css
 HTTP  8/31/2025 9:29:46 PM ::1 Returned 304 in 1 ms
 HTTP  8/31/2025 9:29:46 PM ::1 Returned 304 in 2 ms
 HTTP  8/31/2025 9:29:46 PM ::1 GET /vite.svg
 HTTP  8/31/2025 9:29:46 PM ::1 Returned 304 in 1 ms
 HTTP  8/31/2025 9:30:13 PM ::1 GET /facebook
 HTTP  8/31/2025 9:30:13 PM ::1 Returned 200 in 1 ms
 HTTP  8/31/2025 9:31:43 PM ::1 GET /facebook
 HTTP  8/31/2025 9:31:43 PM ::1 Returned 304 in 1 ms
 HTTP  8/31/2025 9:31:43 PM ::1 GET /assets/index-ChBL-xCM.css
 HTTP  8/31/2025 9:31:43 PM ::1 GET /assets/index-r4Jiiqmw.js
 HTTP  8/31/2025 9:31:43 PM ::1 Returned 304 in 1 ms
 HTTP  8/31/2025 9:31:43 PM ::1 Returned 304 in 0 ms
 HTTP  8/31/2025 9:31:43 PM ::1 GET /vite.svg
 HTTP  8/31/2025 9:31:43 PM ::1 Returned 304 in 1 ms
 HTTP  8/31/2025 9:31:45 PM ::1 GET /facebook
 HTTP  8/31/2025 9:31:45 PM ::1 Returned 200 in 1 ms
 HTTP  8/31/2025 9:31:45 PM ::1 GET /assets/index-r4Jiiqmw.js
 HTTP  8/31/2025 9:31:45 PM ::1 GET /assets/index-ChBL-xCM.css
 HTTP  8/31/2025 9:31:45 PM ::1 Returned 200 in 2 ms
 HTTP  8/31/2025 9:31:45 PM ::1 Returned 200 in 3 ms
 HTTP  8/31/2025 9:31:45 PM ::1 GET /vite.svg
 HTTP  8/31/2025 9:31:45 PM ::1 Returned 200 in 0 ms
 HTTP  9/1/2025 5:55:54 PM ::1 GET /
 HTTP  9/1/2025 5:55:54 PM ::1 Returned 200 in 4 ms
 HTTP  9/1/2025 5:55:54 PM ::1 GET /
 HTTP  9/1/2025 5:55:54 PM ::1 Returned 200 in 0 ms
 HTTP  9/1/2025 5:55:54 PM ::1 GET /
 HTTP  9/1/2025 5:55:54 PM ::1 Returned 200 in 1 ms
 HTTP  9/1/2025 5:55:54 PM ::1 GET /
 HTTP  9/1/2025 5:55:54 PM ::1 Returned 200 in 1 ms
 HTTP  9/1/2025 5:55:54 PM ::1 GET /
 HTTP  9/1/2025 5:55:54 PM ::1 Returned 200 in 0 ms
 HTTP  9/1/2025 5:55:55 PM ::1 GET /
 HTTP  9/1/2025 5:55:55 PM ::1 Returned 200 in 1 ms
 HTTP  9/1/2025 5:55:56 PM ::1 GET /
 HTTP  9/1/2025 5:55:56 PM ::1 Returned 200 in 2 ms
 HTTP  9/1/2025 5:55:57 PM ::1 GET /
 HTTP  9/1/2025 5:55:57 PM ::1 Returned 200 in 0 ms
 HTTP  9/1/2025 5:55:58 PM ::1 GET /
 HTTP  9/1/2025 5:55:58 PM ::1 Returned 200 in 1 ms
 HTTP  9/1/2025 5:55:59 PM ::1 GET /
 HTTP  9/1/2025 5:55:59 PM ::1 Returned 200 in 1 ms
 HTTP  9/1/2025 5:56:00 PM ::1 GET /
 HTTP  9/1/2025 5:56:00 PM ::1 Returned 200 in 0 ms
 HTTP  9/1/2025 5:56:01 PM ::1 GET /
 HTTP  9/1/2025 5:56:01 PM ::1 Returned 200 in 0 ms
 HTTP  9/1/2025 5:56:02 PM ::1 GET /
 HTTP  9/1/2025 5:56:02 PM ::1 Returned 200 in 0 ms
 HTTP  9/1/2025 5:56:03 PM ::1 GET /
 HTTP  9/1/2025 5:56:03 PM ::1 Returned 200 in 3 ms
 HTTP  9/1/2025 5:56:04 PM ::1 GET /
 HTTP  9/1/2025 5:56:04 PM ::1 Returned 200 in 1 ms
 HTTP  9/1/2025 5:56:05 PM ::1 GET /
 HTTP  9/1/2025 5:56:05 PM ::1 Returned 200 in 0 ms
 HTTP  9/1/2025 5:56:07 PM ::1 GET /
 HTTP  9/1/2025 5:56:07 PM ::1 Returned 200 in 1 ms
 HTTP  9/1/2025 5:56:08 PM ::1 GET /
 HTTP  9/1/2025 5:56:08 PM ::1 Returned 200 in 1 ms
 HTTP  9/1/2025 5:56:09 PM ::1 GET /
 HTTP  9/1/2025 5:56:09 PM ::1 Returned 200 in 1 ms
 HTTP  9/1/2025 5:56:10 PM ::1 GET /
 HTTP  9/1/2025 5:56:10 PM ::1 Returned 200 in 1 ms
 HTTP  9/1/2025 5:56:11 PM ::1 GET /
 HTTP  9/1/2025 5:56:11 PM ::1 Returned 200 in 1 ms
 HTTP  9/1/2025 5:56:12 PM ::1 GET /
 HTTP  9/1/2025 5:56:12 PM ::1 Returned 200 in 2 ms
 HTTP  9/1/2025 5:56:13 PM ::1 GET /
 HTTP  9/1/2025 5:56:13 PM ::1 Returned 200 in 2 ms
 HTTP  9/1/2025 5:56:14 PM ::1 GET /
 HTTP  9/1/2025 5:56:14 PM ::1 Returned 200 in 1 ms
 HTTP  9/1/2025 5:56:15 PM ::1 GET /
 HTTP  9/1/2025 5:56:15 PM ::1 Returned 200 in 0 ms
 HTTP  9/1/2025 5:56:16 PM ::1 GET /
 HTTP  9/1/2025 5:56:16 PM ::1 Returned 200 in 2 ms
 HTTP  9/1/2025 5:56:17 PM ::1 GET /
 HTTP  9/1/2025 5:56:17 PM ::1 Returned 200 in 1 ms
 HTTP  9/1/2025 5:56:18 PM ::1 GET /
 HTTP  9/1/2025 5:56:18 PM ::1 Returned 200 in 1 ms
 HTTP  9/1/2025 5:56:19 PM ::1 GET /
 HTTP  9/1/2025 5:56:19 PM ::1 Returned 200 in 1 ms
 HTTP  9/1/2025 5:56:21 PM ::1 GET /
 HTTP  9/1/2025 5:56:21 PM ::1 Returned 200 in 2 ms
 HTTP  9/1/2025 5:56:23 PM ::1 GET /
 HTTP  9/1/2025 5:56:23 PM ::1 Returned 200 in 2 ms
 HTTP  9/1/2025 5:56:25 PM ::1 GET /
 HTTP  9/1/2025 5:56:25 PM ::1 Returned 200 in 1 ms
 HTTP  9/1/2025 5:56:27 PM ::1 GET /
 HTTP  9/1/2025 5:56:27 PM ::1 Returned 200 in 1 ms
 HTTP  9/1/2025 5:56:29 PM ::1 GET /
 HTTP  9/1/2025 5:56:29 PM ::1 Returned 200 in 1 ms
 HTTP  9/1/2025 5:56:32 PM ::1 GET /
 HTTP  9/1/2025 5:56:32 PM ::1 Returned 200 in 1 ms
 HTTP  9/1/2025 5:56:35 PM ::1 GET /
 HTTP  9/1/2025 5:56:35 PM ::1 Returned 200 in 1 ms
 HTTP  9/1/2025 5:56:37 PM ::1 GET /
 HTTP  9/1/2025 5:56:37 PM ::1 Returned 200 in 1 ms
 HTTP  9/1/2025 5:56:39 PM ::1 GET /
 HTTP  9/1/2025 5:56:39 PM ::1 Returned 200 in 0 ms
 HTTP  9/1/2025 5:56:44 PM ::1 GET /
 HTTP  9/1/2025 5:56:44 PM ::1 Returned 200 in 1 ms
 HTTP  9/1/2025 5:56:50 PM ::1 GET /
 HTTP  9/1/2025 5:56:50 PM ::1 Returned 200 in 2 ms
 HTTP  9/1/2025 5:56:56 PM ::1 GET /
 HTTP  9/1/2025 5:56:56 PM ::1 Returned 200 in 0 ms
 HTTP  9/1/2025 5:56:58 PM ::1 GET /
 HTTP  9/1/2025 5:56:58 PM ::1 Returned 200 in 1 ms
 HTTP  9/1/2025 5:57:01 PM ::1 GET /
 HTTP  9/1/2025 5:57:01 PM ::1 Returned 200 in 1 ms
 HTTP  9/1/2025 5:57:51 PM ::1 GET /
 HTTP  9/1/2025 5:57:51 PM ::1 Returned 200 in 3 ms
 HTTP  9/1/2025 5:57:52 PM ::1 GET /
 HTTP  9/1/2025 5:57:52 PM ::1 Returned 200 in 2 ms
 HTTP  9/1/2025 5:57:52 PM ::1 GET /
 HTTP  9/1/2025 5:57:52 PM ::1 Returned 200 in 4 ms
 HTTP  9/1/2025 5:57:52 PM ::1 GET /
 HTTP  9/1/2025 5:57:52 PM ::1 Returned 200 in 1 ms
 HTTP  9/1/2025 5:57:53 PM ::1 GET /
 HTTP  9/1/2025 5:57:53 PM ::1 Returned 200 in 1 ms

 INFO  Gracefully shutting down. Please wait...
