2025-09-18T08:24:01: 🚀 Starting TSHLA Pump Report API Server...
2025-09-18T08:24:01: ✅ Connected to Azure MySQL database
2025-09-18T08:24:01: ✅ Pump Report API Server running on port 3004
2025-09-18T08:24:01: 📍 Health check: http://localhost:3004/api/health
2025-09-18T08:24:01: 📍 API info: http://localhost:3004/api/info
2025-09-18T08:24:01: 💳 Stripe configured: No
2025-09-18T08:24:01: 📧 Email configured: No
2025-09-18T08:57:03: 🚀 Starting TSHLA Pump Report API Server...
2025-09-18T08:57:04: ✅ Connected to Azure MySQL database
2025-09-18T08:57:04: ✅ Pump Report API Server running on port 3004
2025-09-18T08:57:04: 📍 Health check: http://localhost:3004/api/health
2025-09-18T08:57:04: 📍 API info: http://localhost:3004/api/info
2025-09-18T08:57:04: 💳 Stripe configured: No
2025-09-18T08:57:04: 📧 Email configured: No
2025-09-21T09:49:01: Server Starting pump report API server...
2025-09-21T09:49:01: App Placeholder message
2025-09-21T09:49:01: App Placeholder message
2025-09-21T09:49:01: App Placeholder message
2025-09-21T09:49:01: App Placeholder message
2025-09-21T09:49:01: App Placeholder message
2025-09-21T09:49:01: App Placeholder message
2025-09-21T10:19:25: Server Starting pump report API server...
2025-09-21T10:19:25: App Placeholder message
2025-09-21T10:19:25: App Placeholder message
2025-09-21T10:19:25: App Placeholder message
2025-09-21T10:19:25: App Placeholder message
2025-09-21T10:19:25: App Placeholder message
2025-09-21T10:19:25: App Placeholder message
2025-09-21T10:23:26: PumpDrive API: Received recommendation request {
  hasData: true,
  dataKeys: [ 'sliders', 'features', 'freeText', 'clarifying' ]
}
2025-09-21T10:30:20: PumpDrive API: Received recommendation request { hasData: true, dataKeys: [ 'test' ] }
2025-09-21T10:31:04: PumpDrive API: Received recommendation request {
  hasData: true,
  dataKeys: [ 'sliders', 'features', 'freeText', 'clarifying' ]
}
2025-09-21T10:32:40: PumpDrive API: Received recommendation request {
  hasData: true,
  dataKeys: [ 'sliders', 'features', 'freeText', 'clarifying' ]
}
2025-09-21T10:35:08: PumpDrive API: Received recommendation request {
  hasData: true,
  dataKeys: [ 'sliders', 'features', 'freeText', 'clarifying' ]
}
2025-09-21T10:37:10: PumpDrive API: Received recommendation request {
  hasData: true,
  dataKeys: [ 'sliders', 'features', 'freeText', 'clarifying' ]
}
2025-09-21T10:51:17: PumpDrive API: Received recommendation request {
  hasData: true,
  dataKeys: [ 'sliders', 'features', 'freeText', 'clarifying' ]
}
2025-09-21T11:00:33: PumpDrive API: Received recommendation request {
  hasData: true,
  dataKeys: [ 'sliders', 'features', 'freeText', 'clarifying' ]
}
2025-09-21T11:04:38: PumpDrive API: Received recommendation request {
  hasData: true,
  dataKeys: [ 'sliders', 'features', 'freeText', 'clarifying' ]
}
2025-09-21T12:41:11: PumpDrive API: Received recommendation request {
  hasData: true,
  dataKeys: [ 'sliders', 'selectedFeatures', 'userText' ]
}
2025-09-21T12:41:21: Server Starting pump report API server...
2025-09-21T12:41:22: App Placeholder message
2025-09-21T12:41:22: App Placeholder message
2025-09-21T12:41:22: App Placeholder message
2025-09-21T12:41:22: App Placeholder message
2025-09-21T12:41:22: App Placeholder message
2025-09-21T12:41:22: App Placeholder message
2025-09-22T14:43:38: Server Starting pump report API server...
2025-09-22T14:43:39: Pump Report API: Database connected successfully
2025-09-22T14:43:39: App Placeholder message
2025-09-22T14:43:39: App Placeholder message
2025-09-22T14:43:39: App Placeholder message
2025-09-22T14:43:39: App Placeholder message
2025-09-22T14:43:39: App Placeholder message
2025-09-22T15:23:26: Server Starting pump report API server...
2025-09-22T15:23:29: Pump Report API: Database connected successfully
2025-09-22T15:23:29: App Placeholder message
2025-09-22T15:23:29: App Placeholder message
2025-09-22T15:23:29: App Placeholder message
2025-09-22T15:23:29: App Placeholder message
2025-09-22T15:23:29: App Placeholder message
2025-09-22T16:08:30: Server Starting pump report API server...
2025-09-22T16:08:31: Pump Report API: Database connected successfully
2025-09-22T16:08:31: App Placeholder message
2025-09-22T16:08:31: App Placeholder message
2025-09-22T16:08:31: App Placeholder message
2025-09-22T16:08:31: App Placeholder message
2025-09-22T16:08:31: App Placeholder message
2025-09-22T21:45:39: Pump Report API: Starting server...
2025-09-22T21:45:39: Pump Report API: Starting server...
2025-09-22T21:45:40: Pump Report API: Starting server...
2025-09-22T21:45:40: Pump Report API: Starting server...
2025-09-22T21:45:40: Pump Report API: Starting server...
2025-09-22T21:45:40: Pump Report API: Starting server...
2025-09-22T21:45:40: Pump Report API: Starting server...
2025-09-22T21:45:41: Pump Report API: Starting server...
2025-09-22T21:45:41: Pump Report API: Starting server...
2025-09-22T21:45:41: Pump Report API: Starting server...
2025-09-22T21:45:41: Pump Report API: Starting server...
2025-09-22T21:45:42: Pump Report API: Starting server...
2025-09-22T21:45:42: Pump Report API: Starting server...
2025-09-22T21:45:42: Pump Report API: Starting server...
2025-09-22T21:45:42: Pump Report API: Starting server...
2025-09-22T21:45:42: Pump Report API: Starting server...
2025-09-22T21:45:43: Pump Report API: Starting server...
2025-09-22T21:45:43: Pump Report API: Starting server...
2025-09-22T21:45:43: Pump Report API: Starting server...
2025-09-22T21:45:43: Pump Report API: Starting server...
2025-09-22T21:45:44: Pump Report API: Starting server...
2025-09-22T21:45:44: Pump Report API: Starting server...
2025-09-22T21:45:44: Pump Report API: Starting server...
2025-09-22T21:45:45: Pump Report API: Starting server...
2025-09-22T21:45:45: Pump Report API: Starting server...
2025-09-22T21:45:45: Pump Report API: Starting server...
2025-09-22T21:45:45: Pump Report API: Starting server...
2025-09-22T21:45:46: Pump Report API: Starting server...
2025-09-22T21:45:46: Pump Report API: Starting server...
2025-09-22T21:45:46: Pump Report API: Starting server...
2025-09-22T21:45:46: Pump Report API: Starting server...
2025-09-22T21:45:47: Pump Report API: Starting server...
2025-09-22T21:45:47: Pump Report API: Starting server...
