2025-10-01T14:57:39.796962760Z    _____                               
2025-10-01T14:57:39.797010998Z   /  _  \ __________ _________   ____  
2025-10-01T14:57:39.797015195Z  /  /_\  \\___   /  |  \_  __ \_/ __ \ 
2025-10-01T14:57:39.797018554Z /    |    \/    /|  |  /|  | \/\  ___/ 
2025-10-01T14:57:39.797021652Z \____|__  /_____ \____/ |__|    \___  >
2025-10-01T14:57:39.797025134Z         \/      \/                  \/ 
2025-10-01T14:57:39.797028257Z A P P   S E R V I C E   O N   L I N U X
2025-10-01T14:57:39.797031121Z 
2025-10-01T14:57:39.797033901Z Documentation: http://aka.ms/webapp-linux
2025-10-01T14:57:39.797036758Z NodeJS quickstart: https://aka.ms/node-qs
2025-10-01T14:57:39.797039648Z NodeJS Version : v20.19.3
2025-10-01T14:57:39.797042568Z Note: Any data outside '/home' is not persisted
2025-10-01T14:57:39.797045549Z 
2025-10-01T14:57:42.156711836Z Starting OpenBSD Secure Shell server: sshd.
2025-10-01T14:57:42.166190176Z WEBSITES_INCLUDE_CLOUD_CERTS is not set to true.
2025-10-01T14:57:42.189395523Z Updating certificates in /etc/ssl/certs...
2025-10-01T14:57:47.248740742Z rehash: warning: skipping ca-certificates.crt,it does not contain exactly one certificate or CRL
2025-10-01T14:57:47.277236959Z 4 added, 0 removed; done.
2025-10-01T14:57:47.288737877Z Running hooks in /etc/ca-certificates/update.d...
2025-10-01T14:57:47.296471363Z done.
2025-10-01T14:57:47.312012664Z CA certificates copied and updated successfully.
2025-10-01T14:57:47.448961215Z Starting periodic command scheduler: cron.
2025-10-01T14:57:47.513941936Z Could not find build manifest file at '/home/site/wwwroot/oryx-manifest.toml'
2025-10-01T14:57:47.514658541Z Could not find operation ID in manifest. Generating an operation id...
2025-10-01T14:57:47.515992509Z Build Operation ID: a844cd7a-4a19-4fb1-a718-eeec54f2c32c
2025-10-01T14:57:47.887817726Z Environment Variables for Application Insight's IPA Codeless Configuration exists..
2025-10-01T14:57:47.938347643Z Writing output script to '/opt/startup/startup.sh'
2025-10-01T14:57:48.002715278Z Running #!/bin/sh
2025-10-01T14:57:48.002741502Z 
2025-10-01T14:57:48.002744834Z # Enter the source directory to make sure the script runs where the user expects
2025-10-01T14:57:48.002756321Z cd "/home/site/wwwroot"
2025-10-01T14:57:48.002759164Z 
2025-10-01T14:57:48.002761805Z export NODE_PATH=/usr/local/lib/node_modules:$NODE_PATH
2025-10-01T14:57:48.002764711Z if [ -z "$PORT" ]; then
2025-10-01T14:57:48.002767798Z 		export PORT=8080
2025-10-01T14:57:48.002770581Z fi
2025-10-01T14:57:48.002774055Z 
2025-10-01T14:57:48.002776570Z PATH="$PATH:/home/site/wwwroot" node medical-auth-api.js
2025-10-01T14:57:48.103754116Z node:internal/modules/cjs/loader:1215
2025-10-01T14:57:48.103787003Z   throw err;
2025-10-01T14:57:48.103790607Z   ^
2025-10-01T14:57:48.103792893Z 
2025-10-01T14:57:48.103795177Z Error: Cannot find module '/home/site/wwwroot/medical-auth-api.js'
2025-10-01T14:57:48.103797575Z     at Module._resolveFilename (node:internal/modules/cjs/loader:1212:15)
2025-10-01T14:57:48.103800141Z     at Module._load (node:internal/modules/cjs/loader:1043:27)
2025-10-01T14:57:48.103802970Z     at Function.executeUserEntryPoint [as runMain] (node:internal/modules/run_main:164:12)
2025-10-01T14:57:48.103805615Z     at node:internal/main/run_main_module:28:49 {
2025-10-01T14:57:48.103808038Z   code: 'MODULE_NOT_FOUND',
2025-10-01T14:57:48.103810486Z   requireStack: []
2025-10-01T14:57:48.103812930Z }
2025-10-01T14:57:48.103815114Z 
2025-10-01T14:57:48.103817749Z Node.js v20.19.3

2025-10-01T15:01:17.885493989Z    _____                               
2025-10-01T15:01:17.885540830Z   /  _  \ __________ _________   ____  
2025-10-01T15:01:17.885545643Z  /  /_\  \\___   /  |  \_  __ \_/ __ \ 
2025-10-01T15:01:17.885548656Z /    |    \/    /|  |  /|  | \/\  ___/ 
2025-10-01T15:01:17.885551507Z \____|__  /_____ \____/ |__|    \___  >
2025-10-01T15:01:17.886019933Z         \/      \/                  \/ 
2025-10-01T15:01:17.886037218Z A P P   S E R V I C E   O N   L I N U X
2025-10-01T15:01:17.886040590Z 
2025-10-01T15:01:17.886043321Z Documentation: http://aka.ms/webapp-linux
2025-10-01T15:01:17.886046253Z NodeJS quickstart: https://aka.ms/node-qs
2025-10-01T15:01:17.886049306Z NodeJS Version : v20.19.3
2025-10-01T15:01:17.886052107Z Note: Any data outside '/home' is not persisted
2025-10-01T15:01:17.886055131Z 
2025-10-01T15:01:18.393171391Z Starting OpenBSD Secure Shell server: sshd.
2025-10-01T15:01:18.396637463Z WEBSITES_INCLUDE_CLOUD_CERTS is not set to true.
2025-10-01T15:01:18.404108708Z Updating certificates in /etc/ssl/certs...
2025-10-01T15:01:20.266097731Z rehash: warning: skipping ca-certificates.crt,it does not contain exactly one certificate or CRL
2025-10-01T15:01:20.274163073Z 4 added, 0 removed; done.
2025-10-01T15:01:20.274188451Z Running hooks in /etc/ca-certificates/update.d...
2025-10-01T15:01:20.276085405Z done.
2025-10-01T15:01:20.280689393Z CA certificates copied and updated successfully.
2025-10-01T15:01:20.313742249Z Starting periodic command scheduler: cron.
2025-10-01T15:01:20.321012941Z Could not find build manifest file at '/home/site/wwwroot/oryx-manifest.toml'
2025-10-01T15:01:20.321672034Z Could not find operation ID in manifest. Generating an operation id...
2025-10-01T15:01:20.322194279Z Build Operation ID: 092989e4-36b5-47d3-9c56-f13803ddc68b
2025-10-01T15:01:20.477348817Z Environment Variables for Application Insight's IPA Codeless Configuration exists..
2025-10-01T15:01:20.505727153Z Writing output script to '/opt/startup/startup.sh'
2025-10-01T15:01:20.537989081Z Running #!/bin/sh
2025-10-01T15:01:20.538036292Z 
2025-10-01T15:01:20.538040625Z # Enter the source directory to make sure the script runs where the user expects
2025-10-01T15:01:20.538048672Z cd "/home/site/wwwroot"
2025-10-01T15:01:20.538051389Z 
2025-10-01T15:01:20.538053699Z export NODE_PATH=/usr/local/lib/node_modules:$NODE_PATH
2025-10-01T15:01:20.538056316Z if [ -z "$PORT" ]; then
2025-10-01T15:01:20.538059348Z 		export PORT=8080
2025-10-01T15:01:20.538062598Z fi
2025-10-01T15:01:20.538065266Z 
2025-10-01T15:01:20.538067931Z PATH="$PATH:/home/site/wwwroot" node medical-auth-api.js
2025-10-01T15:01:20.586149734Z node:internal/modules/cjs/loader:1215
2025-10-01T15:01:20.586190643Z   throw err;
2025-10-01T15:01:20.586195434Z   ^
2025-10-01T15:01:20.586198420Z 
2025-10-01T15:01:20.586201353Z Error: Cannot find module '/home/site/wwwroot/medical-auth-api.js'
2025-10-01T15:01:20.586204957Z     at Module._resolveFilename (node:internal/modules/cjs/loader:1212:15)
2025-10-01T15:01:20.586207936Z     at Module._load (node:internal/modules/cjs/loader:1043:27)
2025-10-01T15:01:20.586211035Z     at Function.executeUserEntryPoint [as runMain] (node:internal/modules/run_main:164:12)
2025-10-01T15:01:20.586214051Z     at node:internal/main/run_main_module:28:49 {
2025-10-01T15:01:20.586217075Z   code: 'MODULE_NOT_FOUND',
2025-10-01T15:01:20.586219976Z   requireStack: []
2025-10-01T15:01:20.586222978Z }
2025-10-01T15:01:20.587212290Z 
2025-10-01T15:01:20.587226975Z Node.js v20.19.3

2025-10-01T15:06:23.618978665Z    _____                               
2025-10-01T15:06:23.619714206Z   /  _  \ __________ _________   ____  
2025-10-01T15:06:23.619720678Z  /  /_\  \\___   /  |  \_  __ \_/ __ \ 
2025-10-01T15:06:23.619723611Z /    |    \/    /|  |  /|  | \/\  ___/ 
2025-10-01T15:06:23.619726611Z \____|__  /_____ \____/ |__|    \___  >
2025-10-01T15:06:23.619729625Z         \/      \/                  \/ 
2025-10-01T15:06:23.619732503Z A P P   S E R V I C E   O N   L I N U X
2025-10-01T15:06:23.619735153Z 
2025-10-01T15:06:23.619737510Z Documentation: http://aka.ms/webapp-linux
2025-10-01T15:06:23.619740102Z NodeJS quickstart: https://aka.ms/node-qs
2025-10-01T15:06:23.619742655Z NodeJS Version : v20.19.3
2025-10-01T15:06:23.619745088Z Note: Any data outside '/home' is not persisted
2025-10-01T15:06:23.619747676Z 
2025-10-01T15:06:24.380826211Z Starting OpenBSD Secure Shell server: sshd.
2025-10-01T15:06:24.384359712Z WEBSITES_INCLUDE_CLOUD_CERTS is not set to true.
2025-10-01T15:06:24.391906474Z Updating certificates in /etc/ssl/certs...
2025-10-01T15:06:27.306926431Z rehash: warning: skipping ca-certificates.crt,it does not contain exactly one certificate or CRL
2025-10-01T15:06:27.319455120Z 4 added, 0 removed; done.
2025-10-01T15:06:27.319479639Z Running hooks in /etc/ca-certificates/update.d...
2025-10-01T15:06:27.321237363Z done.
2025-10-01T15:06:27.324904310Z CA certificates copied and updated successfully.
2025-10-01T15:06:27.382929066Z Starting periodic command scheduler: cron.
2025-10-01T15:06:27.402410437Z Could not find build manifest file at '/home/site/wwwroot/oryx-manifest.toml'
2025-10-01T15:06:27.402435789Z Could not find operation ID in manifest. Generating an operation id...
2025-10-01T15:06:27.402439822Z Build Operation ID: 4646e4c1-035a-44ef-b323-d66656f19b5a
2025-10-01T15:06:27.598955152Z Environment Variables for Application Insight's IPA Codeless Configuration exists..
2025-10-01T15:06:27.630726299Z Writing output script to '/opt/startup/startup.sh'
2025-10-01T15:06:27.667318715Z Running #!/bin/sh
2025-10-01T15:06:27.667344612Z 
2025-10-01T15:06:27.667348988Z # Enter the source directory to make sure the script runs where the user expects
2025-10-01T15:06:27.667351969Z cd "/home/site/wwwroot"
2025-10-01T15:06:27.667355060Z 
2025-10-01T15:06:27.667357787Z export NODE_PATH=/usr/local/lib/node_modules:$NODE_PATH
2025-10-01T15:06:27.667360730Z if [ -z "$PORT" ]; then
2025-10-01T15:06:27.667363693Z 		export PORT=8080
2025-10-01T15:06:27.667366817Z fi
2025-10-01T15:06:27.667369561Z 
2025-10-01T15:06:27.668631887Z PATH="$PATH:/home/site/wwwroot" node medical-auth-api.js
2025-10-01T15:06:27.806599557Z node:internal/modules/cjs/loader:1215
2025-10-01T15:06:27.806626993Z   throw err;
2025-10-01T15:06:27.806631262Z   ^
2025-10-01T15:06:27.806634144Z 
2025-10-01T15:06:27.806637294Z Error: Cannot find module '/home/site/wwwroot/medical-auth-api.js'
2025-10-01T15:06:27.806640601Z     at Module._resolveFilename (node:internal/modules/cjs/loader:1212:15)
2025-10-01T15:06:27.806643707Z     at Module._load (node:internal/modules/cjs/loader:1043:27)
2025-10-01T15:06:27.806646818Z     at Function.executeUserEntryPoint [as runMain] (node:internal/modules/run_main:164:12)
2025-10-01T15:06:27.806650019Z     at node:internal/main/run_main_module:28:49 {
2025-10-01T15:06:27.806652903Z   code: 'MODULE_NOT_FOUND',
2025-10-01T15:06:27.806655781Z   requireStack: []
2025-10-01T15:06:27.806658670Z }
2025-10-01T15:06:27.807959530Z 
2025-10-01T15:06:27.807973027Z Node.js v20.19.3

2025-10-01T15:11:18.468299674Z    _____                               
2025-10-01T15:11:18.468353807Z   /  _  \ __________ _________   ____  
2025-10-01T15:11:18.468358067Z  /  /_\  \\___   /  |  \_  __ \_/ __ \ 
2025-10-01T15:11:18.468361340Z /    |    \/    /|  |  /|  | \/\  ___/ 
2025-10-01T15:11:18.468364815Z \____|__  /_____ \____/ |__|    \___  >
2025-10-01T15:11:18.468367785Z         \/      \/                  \/ 
2025-10-01T15:11:18.468370553Z A P P   S E R V I C E   O N   L I N U X
2025-10-01T15:11:18.468373305Z 
2025-10-01T15:11:18.468375598Z Documentation: http://aka.ms/webapp-linux
2025-10-01T15:11:18.468378402Z NodeJS quickstart: https://aka.ms/node-qs
2025-10-01T15:11:18.468381267Z NodeJS Version : v20.19.3
2025-10-01T15:11:18.468383954Z Note: Any data outside '/home' is not persisted
2025-10-01T15:11:18.468386879Z 
2025-10-01T15:11:18.969493279Z Starting OpenBSD Secure Shell server: sshd.
2025-10-01T15:11:18.981243507Z WEBSITES_INCLUDE_CLOUD_CERTS is not set to true.
2025-10-01T15:11:18.993351125Z Updating certificates in /etc/ssl/certs...
2025-10-01T15:11:20.854834898Z rehash: warning: skipping ca-certificates.crt,it does not contain exactly one certificate or CRL
2025-10-01T15:11:20.862695511Z 4 added, 0 removed; done.
2025-10-01T15:11:20.862716931Z Running hooks in /etc/ca-certificates/update.d...
2025-10-01T15:11:20.864643193Z done.
2025-10-01T15:11:20.870263987Z CA certificates copied and updated successfully.
2025-10-01T15:11:20.904269911Z Starting periodic command scheduler: cron.
2025-10-01T15:11:20.913913934Z Could not find build manifest file at '/home/site/wwwroot/oryx-manifest.toml'
2025-10-01T15:11:20.913934597Z Could not find operation ID in manifest. Generating an operation id...
2025-10-01T15:11:20.913938331Z Build Operation ID: 0cc9cfd8-3bcf-4583-8a00-ee1940b3ca3e
2025-10-01T15:11:21.051823080Z Environment Variables for Application Insight's IPA Codeless Configuration exists..
2025-10-01T15:11:21.083423390Z Writing output script to '/opt/startup/startup.sh'
2025-10-01T15:11:21.113767318Z Running #!/bin/sh
2025-10-01T15:11:21.113792712Z 
2025-10-01T15:11:21.113796948Z # Enter the source directory to make sure the script runs where the user expects
2025-10-01T15:11:21.113800092Z cd "/home/site/wwwroot"
2025-10-01T15:11:21.113803072Z 
2025-10-01T15:11:21.113805790Z export NODE_PATH=/usr/local/lib/node_modules:$NODE_PATH
2025-10-01T15:11:21.113819725Z if [ -z "$PORT" ]; then
2025-10-01T15:11:21.113822962Z 		export PORT=8080
2025-10-01T15:11:21.113826290Z fi
2025-10-01T15:11:21.113828966Z 
2025-10-01T15:11:21.113831666Z PATH="$PATH:/home/site/wwwroot" node medical-auth-api.js
2025-10-01T15:11:21.163330903Z node:internal/modules/cjs/loader:1215
2025-10-01T15:11:21.163384810Z   throw err;
2025-10-01T15:11:21.163388992Z   ^
2025-10-01T15:11:21.163392025Z 
2025-10-01T15:11:21.163394830Z Error: Cannot find module '/home/site/wwwroot/medical-auth-api.js'
2025-10-01T15:11:21.163397660Z     at Module._resolveFilename (node:internal/modules/cjs/loader:1212:15)
2025-10-01T15:11:21.163400576Z     at Module._load (node:internal/modules/cjs/loader:1043:27)
2025-10-01T15:11:21.163403919Z     at Function.executeUserEntryPoint [as runMain] (node:internal/modules/run_main:164:12)
2025-10-01T15:11:21.163406901Z     at node:internal/main/run_main_module:28:49 {
2025-10-01T15:11:21.163409646Z   code: 'MODULE_NOT_FOUND',
2025-10-01T15:11:21.163412356Z   requireStack: []
2025-10-01T15:11:21.163414810Z }
2025-10-01T15:11:21.163417030Z 
2025-10-01T15:11:21.163419856Z Node.js v20.19.3

2025-10-01T15:16:24.475688767Z    _____                               
2025-10-01T15:16:24.475738362Z   /  _  \ __________ _________   ____  
2025-10-01T15:16:24.475742372Z  /  /_\  \\___   /  |  \_  __ \_/ __ \ 
2025-10-01T15:16:24.475745378Z /    |    \/    /|  |  /|  | \/\  ___/ 
2025-10-01T15:16:24.475748228Z \____|__  /_____ \____/ |__|    \___  >
2025-10-01T15:16:24.475751289Z         \/      \/                  \/ 
2025-10-01T15:16:24.475753993Z A P P   S E R V I C E   O N   L I N U X
2025-10-01T15:16:24.475756477Z 
2025-10-01T15:16:24.475758919Z Documentation: http://aka.ms/webapp-linux
2025-10-01T15:16:24.475886241Z NodeJS quickstart: https://aka.ms/node-qs
2025-10-01T15:16:24.475888946Z NodeJS Version : v20.19.3
2025-10-01T15:16:24.475891575Z Note: Any data outside '/home' is not persisted
2025-10-01T15:16:24.475894537Z 
2025-10-01T15:16:26.144617647Z Starting OpenBSD Secure Shell server: sshd.
2025-10-01T15:16:26.148894177Z WEBSITES_INCLUDE_CLOUD_CERTS is not set to true.
2025-10-01T15:16:26.160185494Z Updating certificates in /etc/ssl/certs...
2025-10-01T15:16:29.335931977Z rehash: warning: skipping ca-certificates.crt,it does not contain exactly one certificate or CRL
2025-10-01T15:16:29.348013973Z 4 added, 0 removed; done.
2025-10-01T15:16:29.348037567Z Running hooks in /etc/ca-certificates/update.d...
2025-10-01T15:16:29.351755524Z done.
2025-10-01T15:16:29.358057593Z CA certificates copied and updated successfully.
2025-10-01T15:16:29.443890931Z Starting periodic command scheduler: cron.
2025-10-01T15:16:29.456052962Z Could not find build manifest file at '/home/site/wwwroot/oryx-manifest.toml'
2025-10-01T15:16:29.457147171Z Could not find operation ID in manifest. Generating an operation id...
2025-10-01T15:16:29.457165772Z Build Operation ID: da00c25b-119d-4c36-ad3c-a3fb6f0b5136
2025-10-01T15:16:29.720183181Z Environment Variables for Application Insight's IPA Codeless Configuration exists..
2025-10-01T15:16:29.752773879Z Writing output script to '/opt/startup/startup.sh'
2025-10-01T15:16:29.821411601Z Running #!/bin/sh
2025-10-01T15:16:29.821458834Z 
2025-10-01T15:16:29.821462913Z # Enter the source directory to make sure the script runs where the user expects
2025-10-01T15:16:29.821466133Z cd "/home/site/wwwroot"
2025-10-01T15:16:29.821469071Z 
2025-10-01T15:16:29.821471914Z export NODE_PATH=/usr/local/lib/node_modules:$NODE_PATH
2025-10-01T15:16:29.821474932Z if [ -z "$PORT" ]; then
2025-10-01T15:16:29.821477748Z 		export PORT=8080
2025-10-01T15:16:29.821480923Z fi
2025-10-01T15:16:29.821483649Z 
2025-10-01T15:16:29.826957953Z PATH="$PATH:/home/site/wwwroot" node medical-auth-api.js
2025-10-01T15:16:29.944406043Z node:internal/modules/cjs/loader:1215
2025-10-01T15:16:29.944451234Z   throw err;
2025-10-01T15:16:29.944454947Z   ^
2025-10-01T15:16:29.944458044Z 
2025-10-01T15:16:29.944460893Z Error: Cannot find module '/home/site/wwwroot/medical-auth-api.js'
2025-10-01T15:16:29.944463831Z     at Module._resolveFilename (node:internal/modules/cjs/loader:1212:15)
2025-10-01T15:16:29.944466822Z     at Module._load (node:internal/modules/cjs/loader:1043:27)
2025-10-01T15:16:29.944469674Z     at Function.executeUserEntryPoint [as runMain] (node:internal/modules/run_main:164:12)
2025-10-01T15:16:29.944472564Z     at node:internal/main/run_main_module:28:49 {
2025-10-01T15:16:29.944478738Z   code: 'MODULE_NOT_FOUND',
2025-10-01T15:16:29.944481614Z   requireStack: []
2025-10-01T15:16:29.944487788Z }
2025-10-01T15:16:29.944490505Z 
2025-10-01T15:16:29.944493176Z Node.js v20.19.3

2025-10-01T15:21:20.835966174Z    _____                               
2025-10-01T15:21:20.836343955Z   /  _  \ __________ _________   ____  
2025-10-01T15:21:20.836353262Z  /  /_\  \\___   /  |  \_  __ \_/ __ \ 
2025-10-01T15:21:20.836356612Z /    |    \/    /|  |  /|  | \/\  ___/ 
2025-10-01T15:21:20.836359172Z \____|__  /_____ \____/ |__|    \___  >
2025-10-01T15:21:20.836362228Z         \/      \/                  \/ 
2025-10-01T15:21:20.836364957Z A P P   S E R V I C E   O N   L I N U X
2025-10-01T15:21:20.836367456Z 
2025-10-01T15:21:20.836369954Z Documentation: http://aka.ms/webapp-linux
2025-10-01T15:21:20.836372460Z NodeJS quickstart: https://aka.ms/node-qs
2025-10-01T15:21:20.836375145Z NodeJS Version : v20.19.3
2025-10-01T15:21:20.836377822Z Note: Any data outside '/home' is not persisted
2025-10-01T15:21:20.836380702Z 
2025-10-01T15:21:21.690774661Z Starting OpenBSD Secure Shell server: sshd.
2025-10-01T15:21:21.694451362Z WEBSITES_INCLUDE_CLOUD_CERTS is not set to true.
2025-10-01T15:21:21.702983743Z Updating certificates in /etc/ssl/certs...
2025-10-01T15:21:23.536642500Z rehash: warning: skipping ca-certificates.crt,it does not contain exactly one certificate or CRL
2025-10-01T15:21:23.544961894Z 4 added, 0 removed; done.
2025-10-01T15:21:23.544982421Z Running hooks in /etc/ca-certificates/update.d...
2025-10-01T15:21:23.546926950Z done.
2025-10-01T15:21:23.551566337Z CA certificates copied and updated successfully.
2025-10-01T15:21:23.593037535Z Starting periodic command scheduler: cron.
2025-10-01T15:21:23.598866784Z Could not find build manifest file at '/home/site/wwwroot/oryx-manifest.toml'
2025-10-01T15:21:23.598898034Z Could not find operation ID in manifest. Generating an operation id...
2025-10-01T15:21:23.598902270Z Build Operation ID: b0fbfe83-5f94-4c34-a57e-e83c1120e532
2025-10-01T15:21:23.770834419Z Environment Variables for Application Insight's IPA Codeless Configuration exists..
2025-10-01T15:21:23.809912864Z Writing output script to '/opt/startup/startup.sh'
2025-10-01T15:21:23.849743834Z Running #!/bin/sh
2025-10-01T15:21:23.849767396Z 
2025-10-01T15:21:23.849771154Z # Enter the source directory to make sure the script runs where the user expects
2025-10-01T15:21:23.849774583Z cd "/home/site/wwwroot"
2025-10-01T15:21:23.849777796Z 
2025-10-01T15:21:23.849780734Z export NODE_PATH=/usr/local/lib/node_modules:$NODE_PATH
2025-10-01T15:21:23.849783779Z if [ -z "$PORT" ]; then
2025-10-01T15:21:23.849786901Z 		export PORT=8080
2025-10-01T15:21:23.849790160Z fi
2025-10-01T15:21:23.849792912Z 
2025-10-01T15:21:23.849795395Z PATH="$PATH:/home/site/wwwroot" node medical-auth-api.js
2025-10-01T15:21:23.967534535Z node:internal/modules/cjs/loader:1215
2025-10-01T15:21:23.967560387Z   throw err;
2025-10-01T15:21:23.967564288Z   ^
2025-10-01T15:21:23.967567208Z 
2025-10-01T15:21:23.967570047Z Error: Cannot find module '/home/site/wwwroot/medical-auth-api.js'
2025-10-01T15:21:23.967573301Z     at Module._resolveFilename (node:internal/modules/cjs/loader:1212:15)
2025-10-01T15:21:23.967576351Z     at Module._load (node:internal/modules/cjs/loader:1043:27)
2025-10-01T15:21:23.967579374Z     at Function.executeUserEntryPoint [as runMain] (node:internal/modules/run_main:164:12)
2025-10-01T15:21:23.967582501Z     at node:internal/main/run_main_module:28:49 {
2025-10-01T15:21:23.967585267Z   code: 'MODULE_NOT_FOUND',
2025-10-01T15:21:23.967588081Z   requireStack: []
2025-10-01T15:21:23.967590934Z }
2025-10-01T15:21:23.967593719Z 
2025-10-01T15:21:23.967596435Z Node.js v20.19.3

