2025-09-11T02:31:12.3983965Z,Updating submodules.,39700eb5-1f94-4698-8de0-9588ded91968,0
2025-09-11T02:31:13.5238187Z,Preparing deployment for commit id '788a83e3-7'.,743f4792-0bba-4b2d-af35-3b766067e649,0
2025-09-11T02:31:13.7872001Z,PreDeployment: context.CleanOutputPath False,cd6e4c1e-3268-4010-8791-c7c3e99f859d,0
2025-09-11T02:31:13.9029587Z,PreDeployment: context.OutputPath /home/site/wwwroot,f6907544-1f51-4952-8438-092f918f617b,0
2025-09-11T02:31:14.0242070Z,Running build. Project type: OneDeploy,93ad042a-070e-41f7-a752-a134859c8367,0
2025-09-11T02:31:14.1582491Z,Copying the manifest,827fd464-ed85-46c1-927f-33d2f190eae2,0
2025-09-11T02:31:14.3073121Z,Running deployment command...,6a45fd73-ceac-4c56-af75-1d6ccf08297f,0
	2025-09-11T02:31:14.3154015Z,Command: /opt/Kudu/Scripts/parallel_rsync.sh /tmp/zipdeploy/extracted /home/site/wwwroot 8 /tmp/ False False  ,,0
	2025-09-11T02:31:14.3693261Z,Run rsync from: /tmp/zipdeploy/extracted/ to: /home/site/wwwroot/ in 8 parallel threads,,0
	2025-09-11T02:31:14.3828948Z,Delete options: clean=False&comma; use manifest=False&comma; directory to ignore=,,0
	2025-09-11T02:31:14.3955901Z,Prev manifest = /opt/Kudu/Scripts/firstDeploymentManifest and next /home/site/deployments/788a83e3-74de-4851-9d0f-740bcb137b20/manifest,,0
	2025-09-11T02:31:14.4179599Z,Cleaning up /tmp//filelist.txt and /tmp//splits,,0
	2025-09-11T02:31:14.4372751Z,Creating a list of all files at /tmp//filelist.txt,,0
	2025-09-11T02:31:14.4521917Z,No directory to exclude.,,0
	2025-09-11T02:31:14.4688708Z,Created /tmp//filelist.txt. Total number of files to be synced = 12273.,,0
	2025-09-11T02:31:14.4891423Z,Created batches from the list of files. Processing 1535 files in each thread,,0
	2025-09-11T02:31:14.5034374Z,Running rsync for filelist /tmp//splits/split.aa from /tmp/zipdeploy/extracted/ to /home/site/wwwroot/,,0
	2025-09-11T02:31:14.5230337Z,Running rsync for filelist /tmp//splits/split.ab from /tmp/zipdeploy/extracted/ to /home/site/wwwroot/,,0
	2025-09-11T02:31:14.5349036Z,Running rsync for filelist /tmp//splits/split.ac from /tmp/zipdeploy/extracted/ to /home/site/wwwroot/,,0
	2025-09-11T02:31:14.5493504Z,Running rsync for filelist /tmp//splits/split.ae from /tmp/zipdeploy/extracted/ to /home/site/wwwroot/,,0
	2025-09-11T02:31:14.5615622Z,Running rsync for filelist /tmp//splits/split.ad from /tmp/zipdeploy/extracted/ to /home/site/wwwroot/,,0
	2025-09-11T02:31:14.6080299Z,Running rsync for filelist /tmp//splits/split.af from /tmp/zipdeploy/extracted/ to /home/site/wwwroot/,,0
	2025-09-11T02:31:14.6387273Z,Running rsync for filelist /tmp//splits/split.ag from /tmp/zipdeploy/extracted/ to /home/site/wwwroot/,,0
	2025-09-11T02:31:14.6642292Z,Running rsync for filelist /tmp//splits/split.ah from /tmp/zipdeploy/extracted/ to /home/site/wwwroot/,,0
